/opt/daily_phrase_bot/daily_phrase_bot.sh: 2: go: not found
2023/11/13 10:50:58 Bot avviato: dailyPhrase_bot
2023/11/13 11:07:38 Unauthorized
2023/11/13 11:07:38 Failed to get updates, retrying in 3 seconds...
2023/11/13 11:07:41 Unauthorized
2023/11/13 11:07:41 Failed to get updates, retrying in 3 seconds...
2023/11/13 11:07:44 Unauthorized
2023/11/13 11:07:44 Failed to get updates, retrying in 3 seconds...
2023/11/13 11:07:47 Unauthorized
2023/11/13 11:07:47 Failed to get updates, retrying in 3 seconds...
2023/11/13 11:07:50 Unauthorized
2023/11/13 11:07:50 Failed to get updates, retrying in 3 seconds...
2023/11/13 11:07:53 Unauthorized
2023/11/13 11:07:53 Failed to get updates, retrying in 3 seconds...
2023/11/13 11:07:56 Unauthorized
2023/11/13 11:07:56 Failed to get updates, retrying in 3 seconds...
2023/11/13 11:07:59 Unauthorized
2023/11/13 11:07:59 Failed to get updates, retrying in 3 seconds...
2023/11/13 11:08:02 Unauthorized
2023/11/13 11:08:02 Failed to get updates, retrying in 3 seconds...
2023/11/13 11:08:05 Unauthorized
2023/11/13 11:08:05 Failed to get updates, retrying in 3 seconds...
2023/11/13 11:08:08 Unauthorized
2023/11/13 11:08:08 Failed to get updates, retrying in 3 seconds...
2023/11/13 11:08:11 Unauthorized
2023/11/13 11:08:11 Failed to get updates, retrying in 3 seconds...
2023/11/13 11:08:14 Unauthorized
2023/11/13 11:08:14 Failed to get updates, retrying in 3 seconds...
2023/11/13 11:08:17 Unauthorized
2023/11/13 11:08:17 Failed to get updates, retrying in 3 seconds...
2023/11/13 11:08:20 Unauthorized
2023/11/13 11:08:20 Failed to get updates, retrying in 3 seconds...
2023/11/13 11:08:23 Unauthorized
2023/11/13 11:08:23 Failed to get updates, retrying in 3 seconds...
2023/11/13 11:08:26 Unauthorized
2023/11/13 11:08:26 Failed to get updates, retrying in 3 seconds...
2023/11/13 11:08:29 Unauthorized
2023/11/13 11:08:29 Failed to get updates, retrying in 3 seconds...
2023/11/13 11:08:32 Unauthorized
2023/11/13 11:08:32 Failed to get updates, retrying in 3 seconds...
2023/11/13 11:08:36 Unauthorized
2023/11/13 11:08:36 Failed to get updates, retrying in 3 seconds...
2023/11/13 11:08:39 Unauthorized
2023/11/13 11:08:39 Failed to get updates, retrying in 3 seconds...
2023/11/13 11:08:42 Unauthorized
2023/11/13 11:08:42 Failed to get updates, retrying in 3 seconds...
2023/11/13 11:08:45 Unauthorized
2023/11/13 11:08:45 Failed to get updates, retrying in 3 seconds...
2023/11/13 11:08:48 Unauthorized
2023/11/13 11:08:48 Failed to get updates, retrying in 3 seconds...
2023/11/13 11:08:51 Unauthorized
2023/11/13 11:08:51 Failed to get updates, retrying in 3 seconds...
2023/11/13 11:08:54 Unauthorized
2023/11/13 11:08:54 Failed to get updates, retrying in 3 seconds...
2023/11/13 11:08:57 Unauthorized
2023/11/13 11:08:57 Failed to get updates, retrying in 3 seconds...
2023/11/13 11:09:00 Unauthorized
2023/11/13 11:09:00 Failed to get updates, retrying in 3 seconds...
2023/11/13 11:09:03 Unauthorized
2023/11/13 11:09:03 Failed to get updates, retrying in 3 seconds...
2023/11/13 11:09:06 Unauthorized
2023/11/13 11:09:06 Failed to get updates, retrying in 3 seconds...
2023/11/13 11:09:09 Unauthorized
2023/11/13 11:09:09 Failed to get updates, retrying in 3 seconds...
2023/11/13 11:09:12 Unauthorized
2023/11/13 11:09:12 Failed to get updates, retrying in 3 seconds...
2023/11/13 11:09:15 Unauthorized
2023/11/13 11:09:15 Failed to get updates, retrying in 3 seconds...
2023/11/13 11:09:18 Unauthorized
2023/11/13 11:09:18 Failed to get updates, retrying in 3 seconds...
2023/11/13 11:09:21 Unauthorized
2023/11/13 11:09:21 Failed to get updates, retrying in 3 seconds...
2023/11/13 11:09:24 Unauthorized
2023/11/13 11:09:24 Failed to get updates, retrying in 3 seconds...
2023/11/13 11:09:27 Unauthorized
2023/11/13 11:09:27 Failed to get updates, retrying in 3 seconds...
2023/11/13 11:09:30 Unauthorized
2023/11/13 11:09:30 Failed to get updates, retrying in 3 seconds...
2023/11/13 11:09:33 Unauthorized
2023/11/13 11:09:33 Failed to get updates, retrying in 3 seconds...
2023/11/13 11:09:37 Unauthorized
2023/11/13 11:09:37 Failed to get updates, retrying in 3 seconds...
2023/11/13 11:09:40 Unauthorized
2023/11/13 11:09:40 Failed to get updates, retrying in 3 seconds...
2023/11/13 11:09:43 Unauthorized
2023/11/13 11:09:43 Failed to get updates, retrying in 3 seconds...
2023/11/13 11:09:46 Unauthorized
2023/11/13 11:09:46 Failed to get updates, retrying in 3 seconds...
2023/11/13 11:09:49 Unauthorized
2023/11/13 11:09:49 Failed to get updates, retrying in 3 seconds...
2023/11/13 11:09:52 Unauthorized
2023/11/13 11:09:52 Failed to get updates, retrying in 3 seconds...
2023/11/13 11:09:55 Unauthorized
2023/11/13 11:09:55 Failed to get updates, retrying in 3 seconds...
2023/11/13 11:09:58 Unauthorized
2023/11/13 11:09:58 Failed to get updates, retrying in 3 seconds...
2023/11/13 11:10:01 Unauthorized
2023/11/13 11:10:01 Failed to get updates, retrying in 3 seconds...
2023/11/13 11:10:04 Unauthorized
2023/11/13 11:10:04 Failed to get updates, retrying in 3 seconds...
2023/11/13 11:10:07 Unauthorized
2023/11/13 11:10:07 Failed to get updates, retrying in 3 seconds...
2023/11/13 11:10:10 Unauthorized
2023/11/13 11:10:10 Failed to get updates, retrying in 3 seconds...
2023/11/13 11:10:13 Unauthorized
2023/11/13 11:10:13 Failed to get updates, retrying in 3 seconds...
2023/11/13 11:10:16 Unauthorized
2023/11/13 11:10:16 Failed to get updates, retrying in 3 seconds...
2023/11/13 11:10:19 Unauthorized
2023/11/13 11:10:19 Failed to get updates, retrying in 3 seconds...
2023/11/13 11:10:22 Unauthorized
2023/11/13 11:10:22 Failed to get updates, retrying in 3 seconds...
2023/11/13 11:10:25 Unauthorized
2023/11/13 11:10:25 Failed to get updates, retrying in 3 seconds...
2023/11/13 11:10:28 Unauthorized
2023/11/13 11:10:28 Failed to get updates, retrying in 3 seconds...
2023/11/13 11:10:31 Unauthorized
2023/11/13 11:10:31 Failed to get updates, retrying in 3 seconds...
2023/11/13 11:10:34 Unauthorized
2023/11/13 11:10:34 Failed to get updates, retrying in 3 seconds...
2023/11/13 11:10:37 Unauthorized
2023/11/13 11:10:37 Failed to get updates, retrying in 3 seconds...
2023/11/13 11:10:41 Unauthorized
2023/11/13 11:10:41 Failed to get updates, retrying in 3 seconds...
2023/11/13 11:10:44 Unauthorized
2023/11/13 11:10:44 Failed to get updates, retrying in 3 seconds...
2023/11/13 11:10:47 Unauthorized
2023/11/13 11:10:47 Failed to get updates, retrying in 3 seconds...
2023/11/13 11:10:50 Unauthorized
2023/11/13 11:10:50 Failed to get updates, retrying in 3 seconds...
2023/11/13 11:10:53 Unauthorized
2023/11/13 11:10:53 Failed to get updates, retrying in 3 seconds...
2023/11/13 11:10:56 Unauthorized
2023/11/13 11:10:56 Failed to get updates, retrying in 3 seconds...
2023/11/13 11:10:59 Unauthorized
2023/11/13 11:10:59 Failed to get updates, retrying in 3 seconds...
2023/11/13 11:11:02 Unauthorized
2023/11/13 11:11:02 Failed to get updates, retrying in 3 seconds...
2023/11/13 11:11:05 Unauthorized
2023/11/13 11:11:05 Failed to get updates, retrying in 3 seconds...
2023/11/13 11:11:08 Unauthorized
2023/11/13 11:11:08 Failed to get updates, retrying in 3 seconds...
2023/11/13 11:11:11 Unauthorized
2023/11/13 11:11:11 Failed to get updates, retrying in 3 seconds...
2023/11/13 11:11:14 Unauthorized
2023/11/13 11:11:14 Failed to get updates, retrying in 3 seconds...
2023/11/13 11:11:17 Unauthorized
2023/11/13 11:11:17 Failed to get updates, retrying in 3 seconds...
2023/11/13 11:11:20 Unauthorized
2023/11/13 11:11:20 Failed to get updates, retrying in 3 seconds...
2023/11/13 11:11:23 Unauthorized
2023/11/13 11:11:23 Failed to get updates, retrying in 3 seconds...
2023/11/13 11:11:26 Unauthorized
2023/11/13 11:11:26 Failed to get updates, retrying in 3 seconds...
2023/11/13 11:11:29 Unauthorized
2023/11/13 11:11:29 Failed to get updates, retrying in 3 seconds...
2023/11/13 11:11:32 Unauthorized
2023/11/13 11:11:32 Failed to get updates, retrying in 3 seconds...
2023/11/13 11:11:35 Unauthorized
2023/11/13 11:11:35 Failed to get updates, retrying in 3 seconds...
2023/11/13 11:11:38 Unauthorized
2023/11/13 11:11:38 Failed to get updates, retrying in 3 seconds...
2023/11/13 11:11:42 Unauthorized
2023/11/13 11:11:42 Failed to get updates, retrying in 3 seconds...
2023/11/13 11:11:45 Unauthorized
2023/11/13 11:11:45 Failed to get updates, retrying in 3 seconds...
2023/11/13 11:11:48 Unauthorized
2023/11/13 11:11:48 Failed to get updates, retrying in 3 seconds...
2023/11/13 11:11:51 Unauthorized
2023/11/13 11:11:51 Failed to get updates, retrying in 3 seconds...
2023/11/13 11:11:54 Unauthorized
2023/11/13 11:11:54 Failed to get updates, retrying in 3 seconds...
2023/11/13 11:11:57 Unauthorized
2023/11/13 11:11:57 Failed to get updates, retrying in 3 seconds...
2023/11/13 11:12:00 Unauthorized
2023/11/13 11:12:00 Failed to get updates, retrying in 3 seconds...
2023/11/13 11:12:03 Unauthorized
2023/11/13 11:12:03 Failed to get updates, retrying in 3 seconds...
2023/11/13 11:12:06 Unauthorized
2023/11/13 11:12:06 Failed to get updates, retrying in 3 seconds...
2023/11/13 11:12:09 Unauthorized
2023/11/13 11:12:09 Failed to get updates, retrying in 3 seconds...
2023/11/13 11:12:12 Unauthorized
2023/11/13 11:12:12 Failed to get updates, retrying in 3 seconds...
2023/11/13 11:12:15 Unauthorized
2023/11/13 11:12:15 Failed to get updates, retrying in 3 seconds...
2023/11/13 11:12:18 Unauthorized
2023/11/13 11:12:18 Failed to get updates, retrying in 3 seconds...
2023/11/13 11:12:21 Unauthorized
2023/11/13 11:12:21 Failed to get updates, retrying in 3 seconds...
2023/11/13 11:12:24 Unauthorized
2023/11/13 11:12:24 Failed to get updates, retrying in 3 seconds...
2023/11/13 11:12:27 Unauthorized
2023/11/13 11:12:27 Failed to get updates, retrying in 3 seconds...
2023/11/13 11:12:30 Unauthorized
2023/11/13 11:12:30 Failed to get updates, retrying in 3 seconds...
2023/11/13 11:12:33 Unauthorized
2023/11/13 11:12:33 Failed to get updates, retrying in 3 seconds...
2023/11/13 11:12:36 Unauthorized
2023/11/13 11:12:36 Failed to get updates, retrying in 3 seconds...
2023/11/13 11:12:39 Unauthorized
2023/11/13 11:12:39 Failed to get updates, retrying in 3 seconds...
2023/11/13 11:12:43 Unauthorized
2023/11/13 11:12:43 Failed to get updates, retrying in 3 seconds...
2023/11/13 11:12:46 Unauthorized
2023/11/13 11:12:46 Failed to get updates, retrying in 3 seconds...
2023/11/13 11:12:49 Unauthorized
2023/11/13 11:12:49 Failed to get updates, retrying in 3 seconds...
2023/11/13 11:12:52 Unauthorized
2023/11/13 11:12:52 Failed to get updates, retrying in 3 seconds...
2023/11/13 11:12:55 Unauthorized
2023/11/13 11:12:55 Failed to get updates, retrying in 3 seconds...
2023/11/13 11:12:58 Unauthorized
2023/11/13 11:12:58 Failed to get updates, retrying in 3 seconds...
2023/11/13 11:13:01 Unauthorized
2023/11/13 11:13:01 Failed to get updates, retrying in 3 seconds...
2023/11/13 11:13:04 Unauthorized
2023/11/13 11:13:04 Failed to get updates, retrying in 3 seconds...
2023/11/13 11:13:07 Unauthorized
2023/11/13 11:13:07 Failed to get updates, retrying in 3 seconds...
2023/11/13 11:13:10 Unauthorized
2023/11/13 11:13:10 Failed to get updates, retrying in 3 seconds...
2023/11/13 11:13:13 Unauthorized
2023/11/13 11:13:13 Failed to get updates, retrying in 3 seconds...
2023/11/13 11:13:16 Unauthorized
2023/11/13 11:13:16 Failed to get updates, retrying in 3 seconds...
2023/11/13 11:13:19 Unauthorized
2023/11/13 11:13:19 Failed to get updates, retrying in 3 seconds...
2023/11/13 11:13:22 Unauthorized
2023/11/13 11:13:22 Failed to get updates, retrying in 3 seconds...
2023/11/13 11:13:25 Unauthorized
2023/11/13 11:13:25 Failed to get updates, retrying in 3 seconds...
2023/11/13 11:13:28 Unauthorized
2023/11/13 11:13:28 Failed to get updates, retrying in 3 seconds...
2023/11/13 11:13:31 Unauthorized
2023/11/13 11:13:31 Failed to get updates, retrying in 3 seconds...
2023/11/13 11:13:34 Unauthorized
2023/11/13 11:13:34 Failed to get updates, retrying in 3 seconds...
Killed
2023/11/13 11:13:37 Unauthorized
2023/11/13 11:13:37 Failed to get updates, retrying in 3 seconds...
2023/11/13 11:13:40 Unauthorized
2023/11/13 11:13:40 Failed to get updates, retrying in 3 seconds...
2023/11/13 11:13:44 Unauthorized
2023/11/13 11:13:44 Failed to get updates, retrying in 3 seconds...
2023/11/13 11:13:47 Unauthorized
2023/11/13 11:13:47 Failed to get updates, retrying in 3 seconds...
2023/11/13 11:13:50 Unauthorized
2023/11/13 11:13:50 Failed to get updates, retrying in 3 seconds...
2023/11/13 11:13:53 Unauthorized
2023/11/13 11:13:53 Failed to get updates, retrying in 3 seconds...
2023/11/13 11:13:56 Unauthorized
2023/11/13 11:13:56 Failed to get updates, retrying in 3 seconds...
2023/11/13 11:13:59 Unauthorized
2023/11/13 11:13:59 Failed to get updates, retrying in 3 seconds...
2023/11/13 11:14:02 Unauthorized
2023/11/13 11:14:02 Failed to get updates, retrying in 3 seconds...
2023/11/13 11:14:05 Unauthorized
2023/11/13 11:14:05 Failed to get updates, retrying in 3 seconds...
2023/11/13 11:14:08 Unauthorized
2023/11/13 11:14:08 Failed to get updates, retrying in 3 seconds...
2023/11/13 11:14:11 Unauthorized
2023/11/13 11:14:11 Failed to get updates, retrying in 3 seconds...
2023/11/13 11:14:14 Unauthorized
2023/11/13 11:14:14 Failed to get updates, retrying in 3 seconds...
2023/11/13 11:14:17 Unauthorized
2023/11/13 11:14:17 Failed to get updates, retrying in 3 seconds...
2023/11/13 11:14:20 Unauthorized
2023/11/13 11:14:20 Failed to get updates, retrying in 3 seconds...
2023/11/13 11:14:23 Unauthorized
2023/11/13 11:14:23 Failed to get updates, retrying in 3 seconds...
2023/11/13 11:14:26 Unauthorized
2023/11/13 11:14:26 Failed to get updates, retrying in 3 seconds...
2023/11/13 11:14:29 Unauthorized
2023/11/13 11:14:29 Failed to get updates, retrying in 3 seconds...
2023/11/13 11:14:32 Unauthorized
2023/11/13 11:14:32 Failed to get updates, retrying in 3 seconds...
2023/11/13 11:14:35 Unauthorized
2023/11/13 11:14:35 Failed to get updates, retrying in 3 seconds...
2023/11/13 11:14:38 Unauthorized
2023/11/13 11:14:38 Failed to get updates, retrying in 3 seconds...
2023/11/13 11:14:41 Unauthorized
2023/11/13 11:14:41 Failed to get updates, retrying in 3 seconds...
2023/11/13 11:14:45 Unauthorized
2023/11/13 11:14:45 Failed to get updates, retrying in 3 seconds...
2023/11/13 11:14:48 Unauthorized
2023/11/13 11:14:48 Failed to get updates, retrying in 3 seconds...
2023/11/13 11:14:51 Unauthorized
2023/11/13 11:14:51 Failed to get updates, retrying in 3 seconds...
2023/11/13 11:14:54 Unauthorized
2023/11/13 11:14:54 Failed to get updates, retrying in 3 seconds...
2023/11/13 11:14:57 Unauthorized
2023/11/13 11:14:57 Failed to get updates, retrying in 3 seconds...
2023/11/13 11:15:00 Unauthorized
2023/11/13 11:15:00 Failed to get updates, retrying in 3 seconds...
2023/11/13 11:15:03 Unauthorized
2023/11/13 11:15:03 Failed to get updates, retrying in 3 seconds...
2023/11/13 11:15:06 Unauthorized
2023/11/13 11:15:06 Failed to get updates, retrying in 3 seconds...
2023/11/13 11:15:09 Unauthorized
2023/11/13 11:15:09 Failed to get updates, retrying in 3 seconds...
2023/11/13 11:15:12 Unauthorized
2023/11/13 11:15:12 Failed to get updates, retrying in 3 seconds...
2023/11/13 11:15:15 Unauthorized
2023/11/13 11:15:15 Failed to get updates, retrying in 3 seconds...
2023/11/13 11:15:18 Unauthorized
2023/11/13 11:15:18 Failed to get updates, retrying in 3 seconds...
2023/11/13 11:15:21 Unauthorized
2023/11/13 11:15:21 Failed to get updates, retrying in 3 seconds...
2023/11/13 11:15:24 Unauthorized
2023/11/13 11:15:24 Failed to get updates, retrying in 3 seconds...
2023/11/13 11:15:27 Unauthorized
2023/11/13 11:15:27 Failed to get updates, retrying in 3 seconds...
2023/11/13 11:15:30 Unauthorized
2023/11/13 11:15:30 Failed to get updates, retrying in 3 seconds...
2023/11/13 11:15:33 Unauthorized
2023/11/13 11:15:33 Failed to get updates, retrying in 3 seconds...
2023/11/13 11:15:36 Unauthorized
2023/11/13 11:15:36 Failed to get updates, retrying in 3 seconds...
2023/11/13 11:15:39 Unauthorized
2023/11/13 11:15:39 Failed to get updates, retrying in 3 seconds...
2023/11/13 11:15:42 Unauthorized
2023/11/13 11:15:42 Failed to get updates, retrying in 3 seconds...
2023/11/13 11:15:46 Unauthorized
2023/11/13 11:15:46 Failed to get updates, retrying in 3 seconds...
2023/11/13 11:15:49 Unauthorized
2023/11/13 11:15:49 Failed to get updates, retrying in 3 seconds...
2023/11/13 11:15:52 Unauthorized
2023/11/13 11:15:52 Failed to get updates, retrying in 3 seconds...
2023/11/13 11:15:55 Unauthorized
2023/11/13 11:15:55 Failed to get updates, retrying in 3 seconds...
2023/11/13 11:15:58 Unauthorized
2023/11/13 11:15:58 Failed to get updates, retrying in 3 seconds...
2023/11/13 11:16:01 Unauthorized
2023/11/13 11:16:01 Failed to get updates, retrying in 3 seconds...
2023/11/13 11:16:04 Unauthorized
2023/11/13 11:16:04 Failed to get updates, retrying in 3 seconds...
2023/11/13 11:16:07 Unauthorized
2023/11/13 11:16:07 Failed to get updates, retrying in 3 seconds...
2023/11/13 11:16:10 Unauthorized
2023/11/13 11:16:10 Failed to get updates, retrying in 3 seconds...
2023/11/13 11:16:13 Unauthorized
2023/11/13 11:16:13 Failed to get updates, retrying in 3 seconds...
2023/11/13 11:16:16 Unauthorized
2023/11/13 11:16:16 Failed to get updates, retrying in 3 seconds...
2023/11/13 11:16:19 Unauthorized
2023/11/13 11:16:19 Failed to get updates, retrying in 3 seconds...
2023/11/13 11:16:22 Unauthorized
2023/11/13 11:16:22 Failed to get updates, retrying in 3 seconds...
2023/11/13 11:16:25 Unauthorized
2023/11/13 11:16:25 Failed to get updates, retrying in 3 seconds...
2023/11/13 11:16:28 Unauthorized
2023/11/13 11:16:28 Failed to get updates, retrying in 3 seconds...
2023/11/13 11:16:31 Unauthorized
2023/11/13 11:16:31 Failed to get updates, retrying in 3 seconds...
2023/11/13 11:16:34 Unauthorized
2023/11/13 11:16:34 Failed to get updates, retrying in 3 seconds...
2023/11/13 11:16:37 Unauthorized
2023/11/13 11:16:37 Failed to get updates, retrying in 3 seconds...
2023/11/13 11:16:40 Unauthorized
2023/11/13 11:16:40 Failed to get updates, retrying in 3 seconds...
2023/11/13 11:16:43 Unauthorized
2023/11/13 11:16:43 Failed to get updates, retrying in 3 seconds...
2023/11/13 11:16:47 Unauthorized
2023/11/13 11:16:47 Failed to get updates, retrying in 3 seconds...
2023/11/13 11:16:50 Unauthorized
2023/11/13 11:16:50 Failed to get updates, retrying in 3 seconds...
2023/11/13 11:16:53 Unauthorized
2023/11/13 11:16:53 Failed to get updates, retrying in 3 seconds...
2023/11/13 11:16:56 Unauthorized
2023/11/13 11:16:56 Failed to get updates, retrying in 3 seconds...
2023/11/13 11:16:59 Unauthorized
2023/11/13 11:16:59 Failed to get updates, retrying in 3 seconds...
2023/11/13 11:17:02 Unauthorized
2023/11/13 11:17:02 Failed to get updates, retrying in 3 seconds...
2023/11/13 11:17:05 Unauthorized
2023/11/13 11:17:05 Failed to get updates, retrying in 3 seconds...
2023/11/13 11:17:08 Unauthorized
2023/11/13 11:17:08 Failed to get updates, retrying in 3 seconds...
2023/11/13 11:17:11 Unauthorized
2023/11/13 11:17:11 Failed to get updates, retrying in 3 seconds...
2023/11/13 11:17:13 Bot avviato: daily_phrase_bot
2023/11/13 11:17:14 Unauthorized
2023/11/13 11:17:14 Failed to get updates, retrying in 3 seconds...
2023/11/13 11:17:17 Unauthorized
2023/11/13 11:17:17 Failed to get updates, retrying in 3 seconds...
2023/11/13 11:17:20 Unauthorized
2023/11/13 11:17:20 Failed to get updates, retrying in 3 seconds...
2023/11/13 11:17:23 Unauthorized
2023/11/13 11:17:23 Failed to get updates, retrying in 3 seconds...
2023/11/13 11:17:26 Unauthorized
2023/11/13 11:17:26 Failed to get updates, retrying in 3 seconds...
2023/11/13 11:17:29 Unauthorized
2023/11/13 11:17:29 Failed to get updates, retrying in 3 seconds...
2023/11/13 11:17:32 Unauthorized
2023/11/13 11:17:32 Failed to get updates, retrying in 3 seconds...
2023/11/13 11:17:35 Unauthorized
2023/11/13 11:17:35 Failed to get updates, retrying in 3 seconds...
2023/11/13 11:17:40 Unauthorized
2023/11/13 11:17:40 Failed to get updates, retrying in 3 seconds...
2023/11/13 11:17:43 Unauthorized
2023/11/13 11:17:43 Failed to get updates, retrying in 3 seconds...
2023/11/13 11:17:46 Unauthorized
2023/11/13 11:17:46 Failed to get updates, retrying in 3 seconds...
2023/11/13 11:17:49 Unauthorized
2023/11/13 11:17:49 Failed to get updates, retrying in 3 seconds...
2023/11/13 11:17:52 Unauthorized
2023/11/13 11:17:52 Failed to get updates, retrying in 3 seconds...
2023/11/13 11:17:55 Unauthorized
2023/11/13 11:17:55 Failed to get updates, retrying in 3 seconds...
2023/11/13 11:17:58 Unauthorized
2023/11/13 11:17:58 Failed to get updates, retrying in 3 seconds...
2023/11/13 11:18:01 Unauthorized
2023/11/13 11:18:01 Failed to get updates, retrying in 3 seconds...
2023/11/13 11:18:04 Unauthorized
2023/11/13 11:18:04 Failed to get updates, retrying in 3 seconds...
2023/11/13 11:18:07 Unauthorized
2023/11/13 11:18:07 Failed to get updates, retrying in 3 seconds...
2023/11/13 11:18:10 Unauthorized
2023/11/13 11:18:10 Failed to get updates, retrying in 3 seconds...
2023/11/13 11:18:14 Unauthorized
2023/11/13 11:18:14 Failed to get updates, retrying in 3 seconds...
2023/11/13 11:18:17 Unauthorized
2023/11/13 11:18:17 Failed to get updates, retrying in 3 seconds...
2023/11/13 11:18:20 Unauthorized
2023/11/13 11:18:20 Failed to get updates, retrying in 3 seconds...
2023/11/13 11:18:23 Unauthorized
2023/11/13 11:18:23 Failed to get updates, retrying in 3 seconds...
2023/11/13 11:18:26 Unauthorized
2023/11/13 11:18:26 Failed to get updates, retrying in 3 seconds...
2023/11/13 11:18:29 Unauthorized
2023/11/13 11:18:29 Failed to get updates, retrying in 3 seconds...
2023/11/13 11:18:32 Unauthorized
2023/11/13 11:18:32 Failed to get updates, retrying in 3 seconds...
2023/11/13 11:18:35 Unauthorized
2023/11/13 11:18:35 Failed to get updates, retrying in 3 seconds...
2023/11/13 11:18:38 Unauthorized
2023/11/13 11:18:38 Failed to get updates, retrying in 3 seconds...
2023/11/13 11:18:41 Unauthorized
2023/11/13 11:18:41 Failed to get updates, retrying in 3 seconds...
2023/11/13 11:18:44 Unauthorized
2023/11/13 11:18:44 Failed to get updates, retrying in 3 seconds...
2023/11/13 11:18:47 Unauthorized
2023/11/13 11:18:47 Failed to get updates, retrying in 3 seconds...
2023/11/13 11:18:50 Unauthorized
2023/11/13 11:18:50 Failed to get updates, retrying in 3 seconds...
2023/11/13 11:18:53 Unauthorized
2023/11/13 11:18:53 Failed to get updates, retrying in 3 seconds...
2023/11/13 11:18:56 Unauthorized
2023/11/13 11:18:56 Failed to get updates, retrying in 3 seconds...
2023/11/13 11:18:59 Unauthorized
2023/11/13 11:18:59 Failed to get updates, retrying in 3 seconds...
2023/11/13 11:19:02 Unauthorized
2023/11/13 11:19:02 Failed to get updates, retrying in 3 seconds...
2023/11/13 11:19:05 Unauthorized
2023/11/13 11:19:05 Failed to get updates, retrying in 3 seconds...
2023/11/13 11:19:08 Unauthorized
2023/11/13 11:19:08 Failed to get updates, retrying in 3 seconds...
2023/11/13 11:19:11 Unauthorized
2023/11/13 11:19:11 Failed to get updates, retrying in 3 seconds...
2023/11/13 11:19:15 Unauthorized
2023/11/13 11:19:15 Failed to get updates, retrying in 3 seconds...
2023/11/13 11:19:18 Unauthorized
2023/11/13 11:19:18 Failed to get updates, retrying in 3 seconds...
2023/11/13 11:19:21 Unauthorized
2023/11/13 11:19:21 Failed to get updates, retrying in 3 seconds...
2023/11/13 11:19:24 Unauthorized
2023/11/13 11:19:24 Failed to get updates, retrying in 3 seconds...
2023/11/13 11:19:27 Unauthorized
2023/11/13 11:19:27 Failed to get updates, retrying in 3 seconds...
2023/11/13 11:19:30 Unauthorized
2023/11/13 11:19:30 Failed to get updates, retrying in 3 seconds...
2023/11/13 11:19:33 Unauthorized
2023/11/13 11:19:33 Failed to get updates, retrying in 3 seconds...
2023/11/13 11:19:36 Unauthorized
2023/11/13 11:19:36 Failed to get updates, retrying in 3 seconds...
2023/11/13 11:19:39 Unauthorized
2023/11/13 11:19:39 Failed to get updates, retrying in 3 seconds...
2023/11/13 11:19:42 Unauthorized
2023/11/13 11:19:42 Failed to get updates, retrying in 3 seconds...
2023/11/13 11:19:45 Unauthorized
2023/11/13 11:19:45 Failed to get updates, retrying in 3 seconds...
2023/11/13 11:19:48 Unauthorized
2023/11/13 11:19:48 Failed to get updates, retrying in 3 seconds...
2023/11/13 11:19:51 Unauthorized
2023/11/13 11:19:51 Failed to get updates, retrying in 3 seconds...
2023/11/13 11:19:54 Unauthorized
2023/11/13 11:19:54 Failed to get updates, retrying in 3 seconds...
2023/11/13 11:19:57 Unauthorized
2023/11/13 11:19:57 Failed to get updates, retrying in 3 seconds...
2023/11/13 11:20:00 Unauthorized
2023/11/13 11:20:00 Failed to get updates, retrying in 3 seconds...
2023/11/13 11:20:03 Unauthorized
2023/11/13 11:20:03 Failed to get updates, retrying in 3 seconds...
2023/11/13 11:20:06 Unauthorized
2023/11/13 11:20:06 Failed to get updates, retrying in 3 seconds...
2023/11/13 11:20:09 Unauthorized
2023/11/13 11:20:09 Failed to get updates, retrying in 3 seconds...
2023/11/13 11:20:12 Unauthorized
2023/11/13 11:20:12 Failed to get updates, retrying in 3 seconds...
2023/11/13 11:20:16 Unauthorized
2023/11/13 11:20:16 Failed to get updates, retrying in 3 seconds...
2023/11/13 11:20:19 Unauthorized
2023/11/13 11:20:19 Failed to get updates, retrying in 3 seconds...
2023/11/13 11:20:22 Unauthorized
2023/11/13 11:20:22 Failed to get updates, retrying in 3 seconds...
2023/11/13 11:20:25 Unauthorized
2023/11/13 11:20:25 Failed to get updates, retrying in 3 seconds...
2023/11/13 11:20:28 Unauthorized
2023/11/13 11:20:28 Failed to get updates, retrying in 3 seconds...
2023/11/13 11:20:31 Unauthorized
2023/11/13 11:20:31 Failed to get updates, retrying in 3 seconds...
2023/11/13 11:20:34 Unauthorized
2023/11/13 11:20:34 Failed to get updates, retrying in 3 seconds...
2023/11/13 11:20:37 Unauthorized
2023/11/13 11:20:37 Failed to get updates, retrying in 3 seconds...
2023/11/13 11:20:40 Unauthorized
2023/11/13 11:20:40 Failed to get updates, retrying in 3 seconds...
2023/11/13 11:20:43 Unauthorized
2023/11/13 11:20:43 Failed to get updates, retrying in 3 seconds...
2023/11/13 11:20:46 Unauthorized
2023/11/13 11:20:46 Failed to get updates, retrying in 3 seconds...
2023/11/13 11:20:49 Unauthorized
2023/11/13 11:20:49 Failed to get updates, retrying in 3 seconds...
2023/11/13 11:20:52 Unauthorized
2023/11/13 11:20:52 Failed to get updates, retrying in 3 seconds...
2023/11/13 11:20:55 Unauthorized
2023/11/13 11:20:55 Failed to get updates, retrying in 3 seconds...
2023/11/13 11:20:58 Unauthorized
2023/11/13 11:20:58 Failed to get updates, retrying in 3 seconds...
2023/11/13 11:21:01 Unauthorized
2023/11/13 11:21:01 Failed to get updates, retrying in 3 seconds...
2023/11/13 11:21:04 Unauthorized
2023/11/13 11:21:04 Failed to get updates, retrying in 3 seconds...
2023/11/13 11:21:07 Unauthorized
2023/11/13 11:21:07 Failed to get updates, retrying in 3 seconds...
2023/11/13 11:21:10 Unauthorized
2023/11/13 11:21:10 Failed to get updates, retrying in 3 seconds...
2023/11/13 11:21:13 Unauthorized
2023/11/13 11:21:13 Failed to get updates, retrying in 3 seconds...
2023/11/13 11:21:16 Unauthorized
2023/11/13 11:21:16 Failed to get updates, retrying in 3 seconds...
2023/11/13 11:21:20 Unauthorized
2023/11/13 11:21:20 Failed to get updates, retrying in 3 seconds...
2023/11/13 11:21:23 Unauthorized
2023/11/13 11:21:23 Failed to get updates, retrying in 3 seconds...
2023/11/13 11:21:26 Unauthorized
2023/11/13 11:21:26 Failed to get updates, retrying in 3 seconds...
2023/11/13 11:21:29 Unauthorized
2023/11/13 11:21:29 Failed to get updates, retrying in 3 seconds...
2023/11/13 11:21:32 Unauthorized
2023/11/13 11:21:32 Failed to get updates, retrying in 3 seconds...
2023/11/13 11:21:35 Unauthorized
2023/11/13 11:21:35 Failed to get updates, retrying in 3 seconds...
2023/11/13 11:21:38 Unauthorized
2023/11/13 11:21:38 Failed to get updates, retrying in 3 seconds...
2023/11/13 11:21:41 Unauthorized
2023/11/13 11:21:41 Failed to get updates, retrying in 3 seconds...
2023/11/13 11:21:44 Unauthorized
2023/11/13 11:21:44 Failed to get updates, retrying in 3 seconds...
2023/11/13 11:21:47 Unauthorized
2023/11/13 11:21:47 Failed to get updates, retrying in 3 seconds...
2023/11/13 11:21:50 Bot avviato: daily_phrase_bot
2023/11/13 11:21:50 Unauthorized
2023/11/13 11:21:50 Failed to get updates, retrying in 3 seconds...
2023/11/13 11:21:50 Conflict: terminated by other getUpdates request; make sure that only one bot instance is running
2023/11/13 11:21:50 Failed to get updates, retrying in 3 seconds...
2023/11/13 11:21:53 Unauthorized
2023/11/13 11:21:53 Failed to get updates, retrying in 3 seconds...
2023/11/13 11:21:53 Conflict: terminated by other getUpdates request; make sure that only one bot instance is running
2023/11/13 11:21:53 Failed to get updates, retrying in 3 seconds...
2023/11/13 11:21:56 Unauthorized
2023/11/13 11:21:56 Failed to get updates, retrying in 3 seconds...
2023/11/13 11:21:56 Conflict: terminated by other getUpdates request; make sure that only one bot instance is running
2023/11/13 11:21:56 Failed to get updates, retrying in 3 seconds...
2023/11/13 11:21:59 Unauthorized
2023/11/13 11:21:59 Failed to get updates, retrying in 3 seconds...
2023/11/13 11:21:59 Conflict: terminated by other getUpdates request; make sure that only one bot instance is running
2023/11/13 11:21:59 Failed to get updates, retrying in 3 seconds...
2023/11/13 11:22:02 Unauthorized
2023/11/13 11:22:02 Failed to get updates, retrying in 3 seconds...
2023/11/13 11:22:02 Conflict: terminated by other getUpdates request; make sure that only one bot instance is running
2023/11/13 11:22:02 Failed to get updates, retrying in 3 seconds...
2023/11/13 11:22:05 Unauthorized
2023/11/13 11:22:05 Failed to get updates, retrying in 3 seconds...
2023/11/13 11:22:05 Conflict: terminated by other getUpdates request; make sure that only one bot instance is running
2023/11/13 11:22:05 Failed to get updates, retrying in 3 seconds...
2023/11/13 11:22:08 Unauthorized
2023/11/13 11:22:08 Failed to get updates, retrying in 3 seconds...
2023/11/13 11:22:08 Conflict: terminated by other getUpdates request; make sure that only one bot instance is running
2023/11/13 11:22:08 Failed to get updates, retrying in 3 seconds...
2023/11/13 11:22:11 Unauthorized
2023/11/13 11:22:11 Failed to get updates, retrying in 3 seconds...
2023/11/13 11:22:11 Conflict: terminated by other getUpdates request; make sure that only one bot instance is running
2023/11/13 11:22:11 Failed to get updates, retrying in 3 seconds...
2023/11/13 11:22:14 Unauthorized
2023/11/13 11:22:14 Failed to get updates, retrying in 3 seconds...
2023/11/13 11:22:15 Conflict: terminated by other getUpdates request; make sure that only one bot instance is running
2023/11/13 11:22:15 Failed to get updates, retrying in 3 seconds...
2023/11/13 11:22:18 Unauthorized
2023/11/13 11:22:18 Failed to get updates, retrying in 3 seconds...
2023/11/13 11:22:18 Conflict: terminated by other getUpdates request; make sure that only one bot instance is running
2023/11/13 11:22:18 Failed to get updates, retrying in 3 seconds...
2023/11/13 11:22:21 Unauthorized
2023/11/13 11:22:21 Failed to get updates, retrying in 3 seconds...
2023/11/13 11:22:21 Conflict: terminated by other getUpdates request; make sure that only one bot instance is running
2023/11/13 11:22:21 Failed to get updates, retrying in 3 seconds...
2023/11/13 11:22:24 Unauthorized
2023/11/13 11:22:24 Failed to get updates, retrying in 3 seconds...
2023/11/13 11:22:24 Conflict: terminated by other getUpdates request; make sure that only one bot instance is running
2023/11/13 11:22:24 Failed to get updates, retrying in 3 seconds...
2023/11/13 11:22:27 Unauthorized
2023/11/13 11:22:27 Failed to get updates, retrying in 3 seconds...
2023/11/13 11:22:27 Conflict: terminated by other getUpdates request; make sure that only one bot instance is running
2023/11/13 11:22:27 Failed to get updates, retrying in 3 seconds...
2023/11/13 11:22:30 Unauthorized
2023/11/13 11:22:30 Failed to get updates, retrying in 3 seconds...
2023/11/13 11:22:30 Conflict: terminated by other getUpdates request; make sure that only one bot instance is running
2023/11/13 11:22:30 Failed to get updates, retrying in 3 seconds...
2023/11/13 11:22:33 Unauthorized
2023/11/13 11:22:33 Failed to get updates, retrying in 3 seconds...
2023/11/13 11:22:33 Conflict: terminated by other getUpdates request; make sure that only one bot instance is running
2023/11/13 11:22:33 Failed to get updates, retrying in 3 seconds...
2023/11/13 11:22:36 Unauthorized
2023/11/13 11:22:36 Failed to get updates, retrying in 3 seconds...
2023/11/13 11:22:36 Conflict: terminated by other getUpdates request; make sure that only one bot instance is running
2023/11/13 11:22:36 Failed to get updates, retrying in 3 seconds...
2023/11/13 11:22:39 Unauthorized
2023/11/13 11:22:39 Failed to get updates, retrying in 3 seconds...
2023/11/13 11:22:39 Conflict: terminated by other getUpdates request; make sure that only one bot instance is running
2023/11/13 11:22:39 Failed to get updates, retrying in 3 seconds...
2023/11/13 11:22:42 Unauthorized
2023/11/13 11:22:42 Failed to get updates, retrying in 3 seconds...
2023/11/13 11:22:42 Conflict: terminated by other getUpdates request; make sure that only one bot instance is running
2023/11/13 11:22:42 Failed to get updates, retrying in 3 seconds...
2023/11/13 11:22:45 Unauthorized
2023/11/13 11:22:45 Failed to get updates, retrying in 3 seconds...
2023/11/13 11:22:45 Conflict: terminated by other getUpdates request; make sure that only one bot instance is running
2023/11/13 11:22:45 Failed to get updates, retrying in 3 seconds...
2023/11/13 11:22:48 Unauthorized
2023/11/13 11:22:48 Failed to get updates, retrying in 3 seconds...
2023/11/13 11:22:48 Conflict: terminated by other getUpdates request; make sure that only one bot instance is running
2023/11/13 11:22:48 Failed to get updates, retrying in 3 seconds...
2023/11/13 11:22:51 Unauthorized
2023/11/13 11:22:51 Failed to get updates, retrying in 3 seconds...
2023/11/13 11:22:51 Conflict: terminated by other getUpdates request; make sure that only one bot instance is running
2023/11/13 11:22:51 Failed to get updates, retrying in 3 seconds...
2023/11/13 11:22:54 Unauthorized
2023/11/13 11:22:54 Failed to get updates, retrying in 3 seconds...
2023/11/13 11:22:54 Conflict: terminated by other getUpdates request; make sure that only one bot instance is running
2023/11/13 11:22:54 Failed to get updates, retrying in 3 seconds...
2023/11/13 11:22:57 Unauthorized
2023/11/13 11:22:57 Failed to get updates, retrying in 3 seconds...
2023/11/13 11:22:57 Conflict: terminated by other getUpdates request; make sure that only one bot instance is running
2023/11/13 11:22:57 Failed to get updates, retrying in 3 seconds...
2023/11/13 11:23:00 Unauthorized
2023/11/13 11:23:00 Failed to get updates, retrying in 3 seconds...
2023/11/13 11:23:00 Conflict: terminated by other getUpdates request; make sure that only one bot instance is running
2023/11/13 11:23:00 Failed to get updates, retrying in 3 seconds...
2023/11/13 11:23:03 Unauthorized
2023/11/13 11:23:03 Failed to get updates, retrying in 3 seconds...
2023/11/13 11:23:03 Conflict: terminated by other getUpdates request; make sure that only one bot instance is running
2023/11/13 11:23:03 Failed to get updates, retrying in 3 seconds...
2023/11/13 11:23:06 Unauthorized
2023/11/13 11:23:06 Failed to get updates, retrying in 3 seconds...
2023/11/13 11:23:06 Conflict: terminated by other getUpdates request; make sure that only one bot instance is running
2023/11/13 11:23:06 Failed to get updates, retrying in 3 seconds...
2023/11/13 11:23:09 Unauthorized
2023/11/13 11:23:09 Failed to get updates, retrying in 3 seconds...
2023/11/13 11:23:09 Conflict: terminated by other getUpdates request; make sure that only one bot instance is running
2023/11/13 11:23:09 Failed to get updates, retrying in 3 seconds...
2023/11/13 11:23:12 Unauthorized
2023/11/13 11:23:12 Failed to get updates, retrying in 3 seconds...
2023/11/13 11:23:12 Conflict: terminated by other getUpdates request; make sure that only one bot instance is running
2023/11/13 11:23:12 Failed to get updates, retrying in 3 seconds...
2023/11/13 11:23:15 Unauthorized
2023/11/13 11:23:15 Failed to get updates, retrying in 3 seconds...
2023/11/13 11:23:15 Conflict: terminated by other getUpdates request; make sure that only one bot instance is running
2023/11/13 11:23:15 Failed to get updates, retrying in 3 seconds...
2023/11/13 11:23:18 Unauthorized
2023/11/13 11:23:18 Failed to get updates, retrying in 3 seconds...
2023/11/13 11:23:19 Conflict: terminated by other getUpdates request; make sure that only one bot instance is running
2023/11/13 11:23:19 Failed to get updates, retrying in 3 seconds...
2023/11/13 11:23:22 Unauthorized
2023/11/13 11:23:22 Failed to get updates, retrying in 3 seconds...
2023/11/13 11:23:22 Conflict: terminated by other getUpdates request; make sure that only one bot instance is running
2023/11/13 11:23:22 Failed to get updates, retrying in 3 seconds...
2023/11/13 11:23:25 Unauthorized
2023/11/13 11:23:25 Failed to get updates, retrying in 3 seconds...
2023/11/13 11:23:25 Conflict: terminated by other getUpdates request; make sure that only one bot instance is running
2023/11/13 11:23:25 Failed to get updates, retrying in 3 seconds...
2023/11/13 11:23:28 Unauthorized
2023/11/13 11:23:28 Failed to get updates, retrying in 3 seconds...
2023/11/13 11:23:28 Conflict: terminated by other getUpdates request; make sure that only one bot instance is running
2023/11/13 11:23:28 Failed to get updates, retrying in 3 seconds...
2023/11/13 11:23:31 Unauthorized
2023/11/13 11:23:31 Failed to get updates, retrying in 3 seconds...
2023/11/13 11:23:31 Conflict: terminated by other getUpdates request; make sure that only one bot instance is running
2023/11/13 11:23:31 Failed to get updates, retrying in 3 seconds...
2023/11/13 11:23:34 Unauthorized
2023/11/13 11:23:34 Failed to get updates, retrying in 3 seconds...
2023/11/13 11:23:34 Conflict: terminated by other getUpdates request; make sure that only one bot instance is running
2023/11/13 11:23:34 Failed to get updates, retrying in 3 seconds...
